2025-11-21 07:44:33,813 - __main__ - INFO - Experiment initialized
2025-11-21 07:44:48,570 - __main__ - INFO - Participant: P000
2025-11-21 07:44:48,571 - __main__ - INFO - Condition order: ['bilingual', 'english', 'german']
2025-11-21 07:44:48,571 - __main__ - INFO - Test orders: [['gap', 'pitch'], ['pitch', 'gap'], ['gap', 'pitch']]
2025-11-21 07:44:52,635 - __main__ - INFO - Starting condition 1/3: bilingual
2025-11-21 07:45:05,435 - __main__ - INFO - Playing audio priming: bilingual
2025-11-21 07:45:05,443 - __main__ - ERROR - Audio file not found: /Users/ellacapellini/PROJECT/bilingual-hearing-study/data/audio/bilingual_10min.mp3
2025-11-21 07:45:19,880 - stimuli - INFO - StimulusGenerator initialized (fs=44100 Hz)
2025-11-21 07:45:19,899 - staircase - INFO - Staircase initialized: gap, start=0.0500, factor=1.5
2025-11-21 07:45:19,899 - tasks - INFO - Starting gap detection: P000, bilingual
2025-11-21 07:45:20,450 - __main__ - ERROR - Experiment error: No module named 'psychtoolbox'
Traceback (most recent call last):
  File "/Users/ellacapellini/PROJECT/bilingual-hearing-study/src/experiment.py", line 340, in run
    results = self.run_hearing_tests(condition, test_order)
  File "/Users/ellacapellini/PROJECT/bilingual-hearing-study/src/experiment.py", line 217, in run_hearing_tests
    result = task.run()
  File "/Users/ellacapellini/PROJECT/bilingual-hearing-study/src/tasks.py", line 250, in run
    self.present_audio_pair(audio1, audio2)
  File "/Users/ellacapellini/PROJECT/bilingual-hearing-study/src/tasks.py", line 114, in present_audio_pair
    snd1 = sound.Sound(audio1, sampleRate=SAMPLE_RATE)
  File "/Users/ellacapellini/PROJECT/bilingual-hearing-study/venv/lib/python3.10/site-packages/psychopy/sound/sound.py", line 20, in __new__
    backend = backends[cls.backend].load()
  File "/opt/homebrew/Cellar/python@3.10/3.10.19_1/Frameworks/Python.framework/Versions/3.10/lib/python3.10/importlib/metadata/__init__.py", line 171, in load
    module = import_module(match.group('module'))
  File "/opt/homebrew/Cellar/python@3.10/3.10.19_1/Frameworks/Python.framework/Versions/3.10/lib/python3.10/importlib/__init__.py", line 126, in import_module
    return _bootstrap._gcd_import(name[level:], package, level)
  File "<frozen importlib._bootstrap>", line 1050, in _gcd_import
  File "<frozen importlib._bootstrap>", line 1027, in _find_and_load
  File "<frozen importlib._bootstrap>", line 1006, in _find_and_load_unlocked
  File "<frozen importlib._bootstrap>", line 688, in _load_unlocked
  File "<frozen importlib._bootstrap_external>", line 883, in exec_module
  File "<frozen importlib._bootstrap>", line 241, in _call_with_frames_removed
  File "/Users/ellacapellini/PROJECT/bilingual-hearing-study/venv/lib/python3.10/site-packages/psychopy/sound/backend_ptb.py", line 17, in <module>
    from psychopy.hardware.speaker import SpeakerDevice
  File "/Users/ellacapellini/PROJECT/bilingual-hearing-study/venv/lib/python3.10/site-packages/psychopy/hardware/speaker.py", line 14, in <module>
    import psychtoolbox.audio as ptb
ModuleNotFoundError: No module named 'psychtoolbox'
2025-11-21 07:49:02,233 - __main__ - INFO - Experiment initialized
2025-11-21 07:49:11,400 - __main__ - INFO - Participant: P000
2025-11-21 07:49:11,400 - __main__ - INFO - Condition order: ['bilingual', 'english', 'german']
2025-11-21 07:49:11,400 - __main__ - INFO - Test orders: [['gap', 'pitch'], ['pitch', 'gap'], ['gap', 'pitch']]
2025-11-21 07:49:34,009 - __main__ - INFO - Starting condition 1/3: bilingual
2025-11-21 07:49:35,765 - __main__ - INFO - Playing audio priming: bilingual
2025-11-21 07:49:35,785 - __main__ - ERROR - Experiment error: No module named 'psychtoolbox'
Traceback (most recent call last):
  File "/Users/ellacapellini/PROJECT/bilingual-hearing-study/src/experiment.py", line 336, in run
    self.play_audio_priming(condition)
  File "/Users/ellacapellini/PROJECT/bilingual-hearing-study/src/experiment.py", line 166, in play_audio_priming
    audio = sound.Sound(str(audio_file))
  File "/Users/ellacapellini/PROJECT/bilingual-hearing-study/venv/lib/python3.10/site-packages/psychopy/sound/sound.py", line 20, in __new__
    backend = backends[cls.backend].load()
  File "/opt/homebrew/Cellar/python@3.10/3.10.19_1/Frameworks/Python.framework/Versions/3.10/lib/python3.10/importlib/metadata/__init__.py", line 171, in load
    module = import_module(match.group('module'))
  File "/opt/homebrew/Cellar/python@3.10/3.10.19_1/Frameworks/Python.framework/Versions/3.10/lib/python3.10/importlib/__init__.py", line 126, in import_module
    return _bootstrap._gcd_import(name[level:], package, level)
  File "<frozen importlib._bootstrap>", line 1050, in _gcd_import
  File "<frozen importlib._bootstrap>", line 1027, in _find_and_load
  File "<frozen importlib._bootstrap>", line 1006, in _find_and_load_unlocked
  File "<frozen importlib._bootstrap>", line 688, in _load_unlocked
  File "<frozen importlib._bootstrap_external>", line 883, in exec_module
  File "<frozen importlib._bootstrap>", line 241, in _call_with_frames_removed
  File "/Users/ellacapellini/PROJECT/bilingual-hearing-study/venv/lib/python3.10/site-packages/psychopy/sound/backend_ptb.py", line 17, in <module>
    from psychopy.hardware.speaker import SpeakerDevice
  File "/Users/ellacapellini/PROJECT/bilingual-hearing-study/venv/lib/python3.10/site-packages/psychopy/hardware/speaker.py", line 14, in <module>
    import psychtoolbox.audio as ptb
ModuleNotFoundError: No module named 'psychtoolbox'
2025-11-21 07:51:07,576 - __main__ - INFO - Experiment initialized
2025-11-21 07:51:23,281 - __main__ - INFO - Participant: P001
2025-11-21 07:51:23,282 - __main__ - INFO - Condition order: ['english', 'german', 'bilingual']
2025-11-21 07:51:23,282 - __main__ - INFO - Test orders: [['gap', 'pitch'], ['pitch', 'gap'], ['gap', 'pitch']]
2025-11-21 07:51:25,435 - __main__ - INFO - Starting condition 1/3: english
2025-11-21 07:51:26,460 - __main__ - INFO - Playing audio priming: english
2025-11-21 07:51:26,476 - __main__ - ERROR - Experiment error: No module named 'psychtoolbox'
Traceback (most recent call last):
  File "/Users/ellacapellini/PROJECT/bilingual-hearing-study/src/experiment.py", line 336, in run
    self.play_audio_priming(condition)
  File "/Users/ellacapellini/PROJECT/bilingual-hearing-study/src/experiment.py", line 166, in play_audio_priming
    audio = sound.Sound(str(audio_file))
  File "/Users/ellacapellini/PROJECT/bilingual-hearing-study/venv/lib/python3.10/site-packages/psychopy/sound/sound.py", line 20, in __new__
    backend = backends[cls.backend].load()
  File "/opt/homebrew/Cellar/python@3.10/3.10.19_1/Frameworks/Python.framework/Versions/3.10/lib/python3.10/importlib/metadata/__init__.py", line 171, in load
    module = import_module(match.group('module'))
  File "/opt/homebrew/Cellar/python@3.10/3.10.19_1/Frameworks/Python.framework/Versions/3.10/lib/python3.10/importlib/__init__.py", line 126, in import_module
    return _bootstrap._gcd_import(name[level:], package, level)
  File "<frozen importlib._bootstrap>", line 1050, in _gcd_import
  File "<frozen importlib._bootstrap>", line 1027, in _find_and_load
  File "<frozen importlib._bootstrap>", line 1006, in _find_and_load_unlocked
  File "<frozen importlib._bootstrap>", line 688, in _load_unlocked
  File "<frozen importlib._bootstrap_external>", line 883, in exec_module
  File "<frozen importlib._bootstrap>", line 241, in _call_with_frames_removed
  File "/Users/ellacapellini/PROJECT/bilingual-hearing-study/venv/lib/python3.10/site-packages/psychopy/sound/backend_ptb.py", line 17, in <module>
    from psychopy.hardware.speaker import SpeakerDevice
  File "/Users/ellacapellini/PROJECT/bilingual-hearing-study/venv/lib/python3.10/site-packages/psychopy/hardware/speaker.py", line 14, in <module>
    import psychtoolbox.audio as ptb
ModuleNotFoundError: No module named 'psychtoolbox'
2025-11-21 07:52:05,327 - __main__ - INFO - Experiment initialized
2025-11-21 07:52:30,814 - __main__ - INFO - Participant: P001
2025-11-21 07:52:30,815 - __main__ - INFO - Condition order: ['english', 'german', 'bilingual']
2025-11-21 07:52:30,815 - __main__ - INFO - Test orders: [['gap', 'pitch'], ['pitch', 'gap'], ['gap', 'pitch']]
2025-11-21 07:52:32,213 - __main__ - INFO - Starting condition 1/3: english
2025-11-21 07:52:34,409 - __main__ - INFO - Playing audio priming: english
2025-11-21 07:52:34,431 - __main__ - ERROR - Experiment error: No module named 'psychtoolbox'
Traceback (most recent call last):
  File "/Users/ellacapellini/PROJECT/bilingual-hearing-study/src/experiment.py", line 336, in run
    self.play_audio_priming(condition)
  File "/Users/ellacapellini/PROJECT/bilingual-hearing-study/src/experiment.py", line 166, in play_audio_priming
    audio = sound.Sound(str(audio_file))
  File "/Users/ellacapellini/PROJECT/bilingual-hearing-study/venv/lib/python3.10/site-packages/psychopy/sound/sound.py", line 20, in __new__
    backend = backends[cls.backend].load()
  File "/opt/homebrew/Cellar/python@3.10/3.10.19_1/Frameworks/Python.framework/Versions/3.10/lib/python3.10/importlib/metadata/__init__.py", line 171, in load
    module = import_module(match.group('module'))
  File "/opt/homebrew/Cellar/python@3.10/3.10.19_1/Frameworks/Python.framework/Versions/3.10/lib/python3.10/importlib/__init__.py", line 126, in import_module
    return _bootstrap._gcd_import(name[level:], package, level)
  File "<frozen importlib._bootstrap>", line 1050, in _gcd_import
  File "<frozen importlib._bootstrap>", line 1027, in _find_and_load
  File "<frozen importlib._bootstrap>", line 1006, in _find_and_load_unlocked
  File "<frozen importlib._bootstrap>", line 688, in _load_unlocked
  File "<frozen importlib._bootstrap_external>", line 883, in exec_module
  File "<frozen importlib._bootstrap>", line 241, in _call_with_frames_removed
  File "/Users/ellacapellini/PROJECT/bilingual-hearing-study/venv/lib/python3.10/site-packages/psychopy/sound/backend_ptb.py", line 17, in <module>
    from psychopy.hardware.speaker import SpeakerDevice
  File "/Users/ellacapellini/PROJECT/bilingual-hearing-study/venv/lib/python3.10/site-packages/psychopy/hardware/speaker.py", line 14, in <module>
    import psychtoolbox.audio as ptb
ModuleNotFoundError: No module named 'psychtoolbox'
2025-11-21 08:07:31,637 - __main__ - INFO - Experiment initialized
2025-11-21 08:07:39,468 - __main__ - INFO - Participant: P001
2025-11-21 08:07:39,468 - __main__ - INFO - Condition order: ['english', 'german', 'bilingual']
2025-11-21 08:07:39,468 - __main__ - INFO - Test orders: [['gap', 'pitch'], ['pitch', 'gap'], ['gap', 'pitch']]
2025-11-21 08:07:45,097 - __main__ - INFO - Starting condition 1/3: english
2025-11-21 08:07:48,549 - __main__ - INFO - Playing audio priming: english
2025-11-21 08:07:48,566 - __main__ - ERROR - Experiment error: No module named 'psychtoolbox'
Traceback (most recent call last):
  File "/Users/ellacapellini/PROJECT/bilingual-hearing-study/src/experiment.py", line 343, in run
    self.play_audio_priming(condition)
  File "/Users/ellacapellini/PROJECT/bilingual-hearing-study/src/experiment.py", line 173, in play_audio_priming
    audio = sound.Sound(str(audio_file))
  File "/Users/ellacapellini/PROJECT/bilingual-hearing-study/venv/lib/python3.10/site-packages/psychopy/sound/sound.py", line 20, in __new__
    backend = backends[cls.backend].load()
  File "/opt/homebrew/Cellar/python@3.10/3.10.19_1/Frameworks/Python.framework/Versions/3.10/lib/python3.10/importlib/metadata/__init__.py", line 171, in load
    module = import_module(match.group('module'))
  File "/opt/homebrew/Cellar/python@3.10/3.10.19_1/Frameworks/Python.framework/Versions/3.10/lib/python3.10/importlib/__init__.py", line 126, in import_module
    return _bootstrap._gcd_import(name[level:], package, level)
  File "<frozen importlib._bootstrap>", line 1050, in _gcd_import
  File "<frozen importlib._bootstrap>", line 1027, in _find_and_load
  File "<frozen importlib._bootstrap>", line 1006, in _find_and_load_unlocked
  File "<frozen importlib._bootstrap>", line 688, in _load_unlocked
  File "<frozen importlib._bootstrap_external>", line 883, in exec_module
  File "<frozen importlib._bootstrap>", line 241, in _call_with_frames_removed
  File "/Users/ellacapellini/PROJECT/bilingual-hearing-study/venv/lib/python3.10/site-packages/psychopy/sound/backend_ptb.py", line 17, in <module>
    from psychopy.hardware.speaker import SpeakerDevice
  File "/Users/ellacapellini/PROJECT/bilingual-hearing-study/venv/lib/python3.10/site-packages/psychopy/hardware/speaker.py", line 14, in <module>
    import psychtoolbox.audio as ptb
ModuleNotFoundError: No module named 'psychtoolbox'
2025-11-21 08:09:08,539 - __main__ - INFO - Experiment initialized
2025-11-21 08:09:17,517 - __main__ - INFO - Participant: P001
2025-11-21 08:09:17,517 - __main__ - INFO - Condition order: ['english', 'german', 'bilingual']
2025-11-21 08:09:17,517 - __main__ - INFO - Test orders: [['gap', 'pitch'], ['pitch', 'gap'], ['gap', 'pitch']]
2025-11-21 08:09:18,716 - __main__ - INFO - Starting condition 1/3: english
2025-11-21 08:09:19,656 - __main__ - INFO - Playing audio priming: english
2025-11-21 08:09:19,671 - __main__ - ERROR - Experiment error: No module named 'psychtoolbox'
Traceback (most recent call last):
  File "/Users/ellacapellini/PROJECT/bilingual-hearing-study/src/experiment.py", line 343, in run
    self.play_audio_priming(condition)
  File "/Users/ellacapellini/PROJECT/bilingual-hearing-study/src/experiment.py", line 173, in play_audio_priming
    audio = sound.Sound(str(audio_file))
  File "/Users/ellacapellini/PROJECT/bilingual-hearing-study/venv/lib/python3.10/site-packages/psychopy/sound/sound.py", line 20, in __new__
    backend = backends[cls.backend].load()
  File "/opt/homebrew/Cellar/python@3.10/3.10.19_1/Frameworks/Python.framework/Versions/3.10/lib/python3.10/importlib/metadata/__init__.py", line 171, in load
    module = import_module(match.group('module'))
  File "/opt/homebrew/Cellar/python@3.10/3.10.19_1/Frameworks/Python.framework/Versions/3.10/lib/python3.10/importlib/__init__.py", line 126, in import_module
    return _bootstrap._gcd_import(name[level:], package, level)
  File "<frozen importlib._bootstrap>", line 1050, in _gcd_import
  File "<frozen importlib._bootstrap>", line 1027, in _find_and_load
  File "<frozen importlib._bootstrap>", line 1006, in _find_and_load_unlocked
  File "<frozen importlib._bootstrap>", line 688, in _load_unlocked
  File "<frozen importlib._bootstrap_external>", line 883, in exec_module
  File "<frozen importlib._bootstrap>", line 241, in _call_with_frames_removed
  File "/Users/ellacapellini/PROJECT/bilingual-hearing-study/venv/lib/python3.10/site-packages/psychopy/sound/backend_ptb.py", line 17, in <module>
    from psychopy.hardware.speaker import SpeakerDevice
  File "/Users/ellacapellini/PROJECT/bilingual-hearing-study/venv/lib/python3.10/site-packages/psychopy/hardware/speaker.py", line 14, in <module>
    import psychtoolbox.audio as ptb
ModuleNotFoundError: No module named 'psychtoolbox'
2025-11-21 08:12:19,803 - __main__ - INFO - Experiment initialized
2025-11-21 08:12:29,514 - __main__ - INFO - Participant: P001
2025-11-21 08:12:29,514 - __main__ - INFO - Condition order: ['english', 'german', 'bilingual']
2025-11-21 08:12:29,515 - __main__ - INFO - Test orders: [['gap', 'pitch'], ['pitch', 'gap'], ['gap', 'pitch']]
2025-11-21 08:12:31,186 - __main__ - INFO - Starting condition 1/3: english
2025-11-21 08:12:32,151 - __main__ - INFO - Playing audio priming: english
2025-11-21 08:12:32,166 - __main__ - ERROR - Experiment error: No module named 'psychtoolbox'
Traceback (most recent call last):
  File "/Users/ellacapellini/PROJECT/bilingual-hearing-study/src/experiment.py", line 344, in run
    self.play_audio_priming(condition)
  File "/Users/ellacapellini/PROJECT/bilingual-hearing-study/src/experiment.py", line 174, in play_audio_priming
    audio = sound.Sound(str(audio_file))
  File "/Users/ellacapellini/PROJECT/bilingual-hearing-study/venv/lib/python3.10/site-packages/psychopy/sound/sound.py", line 20, in __new__
    backend = backends[cls.backend].load()
  File "/opt/homebrew/Cellar/python@3.10/3.10.19_1/Frameworks/Python.framework/Versions/3.10/lib/python3.10/importlib/metadata/__init__.py", line 171, in load
    module = import_module(match.group('module'))
  File "/opt/homebrew/Cellar/python@3.10/3.10.19_1/Frameworks/Python.framework/Versions/3.10/lib/python3.10/importlib/__init__.py", line 126, in import_module
    return _bootstrap._gcd_import(name[level:], package, level)
  File "<frozen importlib._bootstrap>", line 1050, in _gcd_import
  File "<frozen importlib._bootstrap>", line 1027, in _find_and_load
  File "<frozen importlib._bootstrap>", line 1006, in _find_and_load_unlocked
  File "<frozen importlib._bootstrap>", line 688, in _load_unlocked
  File "<frozen importlib._bootstrap_external>", line 883, in exec_module
  File "<frozen importlib._bootstrap>", line 241, in _call_with_frames_removed
  File "/Users/ellacapellini/PROJECT/bilingual-hearing-study/venv/lib/python3.10/site-packages/psychopy/sound/backend_ptb.py", line 17, in <module>
    from psychopy.hardware.speaker import SpeakerDevice
  File "/Users/ellacapellini/PROJECT/bilingual-hearing-study/venv/lib/python3.10/site-packages/psychopy/hardware/speaker.py", line 14, in <module>
    import psychtoolbox.audio as ptb
ModuleNotFoundError: No module named 'psychtoolbox'
2025-11-21 08:14:33,205 - __main__ - INFO - Experiment initialized
2025-11-21 08:14:41,638 - __main__ - INFO - Participant: P001
2025-11-21 08:14:41,638 - __main__ - INFO - Condition order: ['english', 'german', 'bilingual']
2025-11-21 08:14:41,638 - __main__ - INFO - Test orders: [['gap', 'pitch'], ['pitch', 'gap'], ['gap', 'pitch']]
2025-11-21 08:14:43,794 - __main__ - INFO - Starting condition 1/3: english
2025-11-21 08:14:44,754 - __main__ - INFO - Playing audio priming: english
2025-11-21 08:14:44,769 - __main__ - ERROR - Experiment error: No module named 'psychtoolbox'
Traceback (most recent call last):
  File "/Users/ellacapellini/PROJECT/bilingual-hearing-study/src/experiment.py", line 344, in run
    self.play_audio_priming(condition)
  File "/Users/ellacapellini/PROJECT/bilingual-hearing-study/src/experiment.py", line 174, in play_audio_priming
    audio = sound.Sound(str(audio_file))
  File "/Users/ellacapellini/PROJECT/bilingual-hearing-study/venv/lib/python3.10/site-packages/psychopy/sound/sound.py", line 20, in __new__
    backend = backends[cls.backend].load()
  File "/opt/homebrew/Cellar/python@3.10/3.10.19_1/Frameworks/Python.framework/Versions/3.10/lib/python3.10/importlib/metadata/__init__.py", line 171, in load
    module = import_module(match.group('module'))
  File "/opt/homebrew/Cellar/python@3.10/3.10.19_1/Frameworks/Python.framework/Versions/3.10/lib/python3.10/importlib/__init__.py", line 126, in import_module
    return _bootstrap._gcd_import(name[level:], package, level)
  File "<frozen importlib._bootstrap>", line 1050, in _gcd_import
  File "<frozen importlib._bootstrap>", line 1027, in _find_and_load
  File "<frozen importlib._bootstrap>", line 1006, in _find_and_load_unlocked
  File "<frozen importlib._bootstrap>", line 688, in _load_unlocked
  File "<frozen importlib._bootstrap_external>", line 883, in exec_module
  File "<frozen importlib._bootstrap>", line 241, in _call_with_frames_removed
  File "/Users/ellacapellini/PROJECT/bilingual-hearing-study/venv/lib/python3.10/site-packages/psychopy/sound/backend_ptb.py", line 17, in <module>
    from psychopy.hardware.speaker import SpeakerDevice
  File "/Users/ellacapellini/PROJECT/bilingual-hearing-study/venv/lib/python3.10/site-packages/psychopy/hardware/speaker.py", line 14, in <module>
    import psychtoolbox.audio as ptb
ModuleNotFoundError: No module named 'psychtoolbox'
2025-11-21 08:15:57,984 - __main__ - INFO - Experiment initialized
2025-11-21 08:16:06,206 - __main__ - INFO - Participant: P001
2025-11-21 08:16:06,206 - __main__ - INFO - Condition order: ['english', 'german', 'bilingual']
2025-11-21 08:16:06,206 - __main__ - INFO - Test orders: [['gap', 'pitch'], ['pitch', 'gap'], ['gap', 'pitch']]
2025-11-21 08:16:06,920 - __main__ - INFO - Starting condition 1/3: english
2025-11-21 08:16:07,351 - __main__ - INFO - Playing audio priming: english
2025-11-21 08:16:07,367 - __main__ - ERROR - Experiment error: No module named 'psychtoolbox'
Traceback (most recent call last):
  File "/Users/ellacapellini/PROJECT/bilingual-hearing-study/src/experiment.py", line 344, in run
    self.play_audio_priming(condition)
  File "/Users/ellacapellini/PROJECT/bilingual-hearing-study/src/experiment.py", line 174, in play_audio_priming
    audio = sound.Sound(str(audio_file))
  File "/Users/ellacapellini/PROJECT/bilingual-hearing-study/venv/lib/python3.10/site-packages/psychopy/sound/sound.py", line 20, in __new__
    backend = backends[cls.backend].load()
  File "/opt/homebrew/Cellar/python@3.10/3.10.19_1/Frameworks/Python.framework/Versions/3.10/lib/python3.10/importlib/metadata/__init__.py", line 171, in load
    module = import_module(match.group('module'))
  File "/opt/homebrew/Cellar/python@3.10/3.10.19_1/Frameworks/Python.framework/Versions/3.10/lib/python3.10/importlib/__init__.py", line 126, in import_module
    return _bootstrap._gcd_import(name[level:], package, level)
  File "<frozen importlib._bootstrap>", line 1050, in _gcd_import
  File "<frozen importlib._bootstrap>", line 1027, in _find_and_load
  File "<frozen importlib._bootstrap>", line 1006, in _find_and_load_unlocked
  File "<frozen importlib._bootstrap>", line 688, in _load_unlocked
  File "<frozen importlib._bootstrap_external>", line 883, in exec_module
  File "<frozen importlib._bootstrap>", line 241, in _call_with_frames_removed
  File "/Users/ellacapellini/PROJECT/bilingual-hearing-study/venv/lib/python3.10/site-packages/psychopy/sound/backend_ptb.py", line 17, in <module>
    from psychopy.hardware.speaker import SpeakerDevice
  File "/Users/ellacapellini/PROJECT/bilingual-hearing-study/venv/lib/python3.10/site-packages/psychopy/hardware/speaker.py", line 14, in <module>
    import psychtoolbox.audio as ptb
ModuleNotFoundError: No module named 'psychtoolbox'
2025-11-21 08:17:27,932 - __main__ - INFO - Experiment initialized
2025-11-21 08:17:35,657 - __main__ - INFO - Participant: P001
2025-11-21 08:17:35,658 - __main__ - INFO - Condition order: ['english', 'german', 'bilingual']
2025-11-21 08:17:35,658 - __main__ - INFO - Test orders: [['gap', 'pitch'], ['pitch', 'gap'], ['gap', 'pitch']]
2025-11-21 08:18:08,081 - __main__ - INFO - Starting condition 1/3: english
2025-11-21 08:18:10,057 - __main__ - INFO - Playing audio priming: english
2025-11-21 08:18:10,064 - __main__ - ERROR - Experiment error: name 'subprocess' is not defined
Traceback (most recent call last):
  File "/Users/ellacapellini/PROJECT/bilingual-hearing-study/src/experiment.py", line 343, in run
    self.play_audio_priming(condition)
  File "/Users/ellacapellini/PROJECT/bilingual-hearing-study/src/experiment.py", line 174, in play_audio_priming
    process = subprocess.Popen(['afplay', str(audio_file)]),
NameError: name 'subprocess' is not defined
2025-11-21 08:21:08,894 - __main__ - INFO - Experiment initialized
2025-11-21 08:21:19,995 - __main__ - INFO - Participant: P001
2025-11-21 08:21:19,995 - __main__ - INFO - Condition order: ['english', 'german', 'bilingual']
2025-11-21 08:21:19,995 - __main__ - INFO - Test orders: [['gap', 'pitch'], ['pitch', 'gap'], ['gap', 'pitch']]
2025-11-21 08:21:22,386 - __main__ - INFO - Starting condition 1/3: english
2025-11-21 08:21:23,397 - __main__ - INFO - Playing audio priming: english
2025-11-21 08:31:24,882 - __main__ - INFO - Audio priming complete: english
2025-11-21 08:31:40,545 - stimuli - INFO - StimulusGenerator initialized (fs=44100 Hz)
2025-11-21 08:31:40,569 - staircase - INFO - Staircase initialized: gap, start=0.0500, factor=1.5
2025-11-21 08:31:40,569 - tasks - INFO - Starting gap detection: P001, english
2025-11-21 08:31:41,137 - __main__ - ERROR - Experiment error: No module named 'psychtoolbox'
Traceback (most recent call last):
  File "/Users/ellacapellini/PROJECT/bilingual-hearing-study/src/experiment.py", line 343, in run
    results = self.run_hearing_tests(condition, test_order)
  File "/Users/ellacapellini/PROJECT/bilingual-hearing-study/src/experiment.py", line 220, in run_hearing_tests
    result = task.run()
  File "/Users/ellacapellini/PROJECT/bilingual-hearing-study/src/tasks.py", line 250, in run
    self.present_audio_pair(audio1, audio2)
  File "/Users/ellacapellini/PROJECT/bilingual-hearing-study/src/tasks.py", line 114, in present_audio_pair
    snd1 = sound.Sound(audio1, sampleRate=SAMPLE_RATE)
  File "/Users/ellacapellini/PROJECT/bilingual-hearing-study/venv/lib/python3.10/site-packages/psychopy/sound/sound.py", line 20, in __new__
    backend = backends[cls.backend].load()
  File "/opt/homebrew/Cellar/python@3.10/3.10.19_1/Frameworks/Python.framework/Versions/3.10/lib/python3.10/importlib/metadata/__init__.py", line 171, in load
    module = import_module(match.group('module'))
  File "/opt/homebrew/Cellar/python@3.10/3.10.19_1/Frameworks/Python.framework/Versions/3.10/lib/python3.10/importlib/__init__.py", line 126, in import_module
    return _bootstrap._gcd_import(name[level:], package, level)
  File "<frozen importlib._bootstrap>", line 1050, in _gcd_import
  File "<frozen importlib._bootstrap>", line 1027, in _find_and_load
  File "<frozen importlib._bootstrap>", line 1006, in _find_and_load_unlocked
  File "<frozen importlib._bootstrap>", line 688, in _load_unlocked
  File "<frozen importlib._bootstrap_external>", line 883, in exec_module
  File "<frozen importlib._bootstrap>", line 241, in _call_with_frames_removed
  File "/Users/ellacapellini/PROJECT/bilingual-hearing-study/venv/lib/python3.10/site-packages/psychopy/sound/backend_ptb.py", line 17, in <module>
    from psychopy.hardware.speaker import SpeakerDevice
  File "/Users/ellacapellini/PROJECT/bilingual-hearing-study/venv/lib/python3.10/site-packages/psychopy/hardware/speaker.py", line 14, in <module>
    import psychtoolbox.audio as ptb
ModuleNotFoundError: No module named 'psychtoolbox'
2025-11-21 08:33:40,360 - __main__ - INFO - Experiment initialized
2025-11-21 08:33:47,940 - __main__ - INFO - Participant: P001
2025-11-21 08:33:47,940 - __main__ - INFO - Condition order: ['english', 'german', 'bilingual']
2025-11-21 08:33:47,940 - __main__ - INFO - Test orders: [['gap', 'pitch'], ['pitch', 'gap'], ['gap', 'pitch']]
2025-11-21 08:33:49,475 - __main__ - INFO - Starting condition 1/3: english
2025-11-21 08:33:50,997 - __main__ - INFO - Playing audio priming: english
2025-11-21 08:43:52,353 - __main__ - INFO - Audio priming complete: english
2025-11-21 08:48:40,303 - stimuli - INFO - StimulusGenerator initialized (fs=44100 Hz)
2025-11-21 08:48:40,323 - staircase - INFO - Staircase initialized: gap, start=0.0500, factor=1.5
2025-11-21 08:48:40,323 - tasks - INFO - Starting gap detection: P001, english
2025-11-21 08:48:40,854 - __main__ - ERROR - Experiment error: name 'sound' is not defined
Traceback (most recent call last):
  File "/Users/ellacapellini/PROJECT/bilingual-hearing-study/src/experiment.py", line 343, in run
    results = self.run_hearing_tests(condition, test_order)
  File "/Users/ellacapellini/PROJECT/bilingual-hearing-study/src/experiment.py", line 220, in run_hearing_tests
    result = task.run()
  File "/Users/ellacapellini/PROJECT/bilingual-hearing-study/src/tasks.py", line 255, in run
    self.present_audio_pair(audio1, audio2)
  File "/Users/ellacapellini/PROJECT/bilingual-hearing-study/src/tasks.py", line 119, in present_audio_pair
    snd1 = sound.Sound(audio1, sampleRate=SAMPLE_RATE)
NameError: name 'sound' is not defined
2025-11-21 08:50:46,606 - __main__ - INFO - Experiment initialized
2025-11-21 08:50:54,188 - __main__ - INFO - Participant: P001
2025-11-21 08:50:54,188 - __main__ - INFO - Condition order: ['english', 'german', 'bilingual']
2025-11-21 08:50:54,188 - __main__ - INFO - Test orders: [['gap', 'pitch'], ['pitch', 'gap'], ['gap', 'pitch']]
2025-11-21 08:50:55,754 - __main__ - INFO - Starting condition 1/3: english
2025-11-21 08:50:56,394 - __main__ - INFO - Playing audio priming: english
2025-11-21 09:00:57,318 - __main__ - INFO - Audio priming complete: english
2025-11-21 09:01:02,496 - stimuli - INFO - StimulusGenerator initialized (fs=44100 Hz)
2025-11-21 09:01:02,528 - staircase - INFO - Staircase initialized: gap, start=0.0500, factor=1.5
2025-11-21 09:01:02,529 - tasks - INFO - Starting gap detection: P001, english
2025-11-21 09:01:03,075 - __main__ - ERROR - Experiment error: name 'sound' is not defined
Traceback (most recent call last):
  File "/Users/ellacapellini/PROJECT/bilingual-hearing-study/src/experiment.py", line 343, in run
    results = self.run_hearing_tests(condition, test_order)
  File "/Users/ellacapellini/PROJECT/bilingual-hearing-study/src/experiment.py", line 220, in run_hearing_tests
    result = task.run()
  File "/Users/ellacapellini/PROJECT/bilingual-hearing-study/src/tasks.py", line 255, in run
    self.present_audio_pair(audio1, audio2)
  File "/Users/ellacapellini/PROJECT/bilingual-hearing-study/src/tasks.py", line 119, in present_audio_pair
    snd1 = sound.Sound(audio1, sampleRate=SAMPLE_RATE)
NameError: name 'sound' is not defined
2025-11-21 09:02:18,223 - __main__ - INFO - Experiment initialized
2025-11-21 09:02:27,675 - __main__ - INFO - Participant: P001
2025-11-21 09:02:27,675 - __main__ - INFO - Condition order: ['english', 'german', 'bilingual']
2025-11-21 09:02:27,675 - __main__ - INFO - Test orders: [['gap', 'pitch'], ['pitch', 'gap'], ['gap', 'pitch']]
2025-11-21 09:02:28,811 - __main__ - INFO - Starting condition 1/3: english
2025-11-21 09:02:29,253 - __main__ - INFO - Playing audio priming: english
2025-11-21 09:12:32,034 - __main__ - INFO - Audio priming complete: english
2025-11-21 09:12:38,731 - stimuli - INFO - StimulusGenerator initialized (fs=44100 Hz)
2025-11-21 09:12:38,755 - staircase - INFO - Staircase initialized: gap, start=0.0500, factor=1.5
2025-11-21 09:12:38,755 - tasks - INFO - Starting gap detection: P001, english
2025-11-21 09:12:39,277 - __main__ - ERROR - Experiment error: name 'sound' is not defined
Traceback (most recent call last):
  File "/Users/ellacapellini/PROJECT/bilingual-hearing-study/src/experiment.py", line 343, in run
    results = self.run_hearing_tests(condition, test_order)
  File "/Users/ellacapellini/PROJECT/bilingual-hearing-study/src/experiment.py", line 220, in run_hearing_tests
    result = task.run()
  File "/Users/ellacapellini/PROJECT/bilingual-hearing-study/src/tasks.py", line 255, in run
    self.present_audio_pair(audio1, audio2)
  File "/Users/ellacapellini/PROJECT/bilingual-hearing-study/src/tasks.py", line 119, in present_audio_pair
    snd1 = sound.Sound(audio1, sampleRate=SAMPLE_RATE)
NameError: name 'sound' is not defined
2025-11-21 09:14:56,551 - __main__ - INFO - Experiment initialized
2025-11-21 09:15:02,331 - __main__ - INFO - Participant: P001
2025-11-21 09:15:02,332 - __main__ - INFO - Condition order: ['english', 'german', 'bilingual']
2025-11-21 09:15:02,332 - __main__ - INFO - Test orders: [['gap', 'pitch'], ['pitch', 'gap'], ['gap', 'pitch']]
2025-11-21 09:15:04,255 - __main__ - INFO - Starting condition 1/3: english
2025-11-21 09:15:05,032 - __main__ - INFO - Playing audio priming: english
2025-11-21 09:25:06,300 - __main__ - INFO - Audio priming complete: english
2025-11-21 09:26:03,339 - stimuli - INFO - StimulusGenerator initialized (fs=44100 Hz)
2025-11-21 09:26:03,386 - staircase - INFO - Staircase initialized: gap, start=0.0500, factor=1.5
2025-11-21 09:26:03,386 - tasks - INFO - Starting gap detection: P001, english
2025-11-21 09:26:36,342 - staircase - INFO - *** REVERSAL #1 at value 0.0222 ***
2025-11-21 09:26:45,100 - staircase - INFO - *** REVERSAL #2 at value 0.0148 ***
2025-11-21 09:27:06,880 - staircase - INFO - *** REVERSAL #3 at value 0.0099 ***
2025-11-21 09:27:15,144 - staircase - INFO - *** REVERSAL #4 at value 0.0066 ***
2025-11-21 09:27:18,237 - staircase - INFO - *** REVERSAL #5 at value 0.0099 ***
2025-11-21 09:27:26,318 - staircase - INFO - *** REVERSAL #6 at value 0.0066 ***
2025-11-21 09:27:29,064 - staircase - INFO - *** REVERSAL #7 at value 0.0099 ***
2025-11-21 09:27:43,993 - staircase - INFO - *** REVERSAL #8 at value 0.0099 ***
2025-11-21 09:28:10,271 - staircase - INFO - *** REVERSAL #9 at value 0.0066 ***
2025-11-21 09:28:24,234 - staircase - INFO - *** REVERSAL #10 at value 0.0066 ***
2025-11-21 09:28:46,323 - staircase - INFO - *** REVERSAL #11 at value 0.0044 ***
2025-11-21 09:29:08,904 - staircase - INFO - *** REVERSAL #12 at value 0.0099 ***
2025-11-21 09:29:08,905 - staircase - INFO - Staircase COMPLETE after 61 trials
2025-11-21 09:29:09,408 - staircase - INFO - Threshold calculated from last 6 reversals: [0.009876543209876543, 0.009876543209876543, 0.006584362139917695, 0.006584362139917695, 0.0043895747599451305, 0.009876543209876543]
2025-11-21 09:29:09,408 - staircase - INFO - Final threshold: 0.0079
2025-11-21 09:29:09,426 - tasks - INFO - Trial data saved to /Users/ellacapellini/PROJECT/bilingual-hearing-study/data/raw/P001_english_gap_20251121_092909.csv
2025-11-21 09:29:09,426 - tasks - INFO - Gap detection complete. Threshold: 7.86 ms
2025-11-21 09:29:14,049 - stimuli - INFO - StimulusGenerator initialized (fs=44100 Hz)
2025-11-21 09:29:14,080 - staircase - INFO - Staircase initialized: pitch, start=50.0000, factor=1.5
2025-11-21 09:29:14,081 - tasks - INFO - Starting pitch discrimination: P001, english
