2025-11-21 08:14:18.609 Python[71181:3773060] ApplePersistenceIgnoreState: Existing state will not be touched. New state will be written to /var/folders/4x/w1n9c42j4f5_42bysc_tqpzh0000gn/T/org.python.python.savedState
2025-11-21 08:14:33,205 - __main__ - INFO - Experiment initialized
2025-11-21 08:14:41,638 - __main__ - INFO - Participant: P001
2025-11-21 08:14:41,638 - __main__ - INFO - Condition order: ['english', 'german', 'bilingual']
2025-11-21 08:14:41,638 - __main__ - INFO - Test orders: [['gap', 'pitch'], ['pitch', 'gap'], ['gap', 'pitch']]
2025-11-21 08:14:43,794 - __main__ - INFO - Starting condition 1/3: english
2025-11-21 08:14:44,754 - __main__ - INFO - Playing audio priming: english
2025-11-21 08:14:44,769 - __main__ - ERROR - Experiment error: No module named 'psychtoolbox'
Traceback (most recent call last):
  File "/Users/ellacapellini/PROJECT/bilingual-hearing-study/src/experiment.py", line 344, in run
    self.play_audio_priming(condition)
  File "/Users/ellacapellini/PROJECT/bilingual-hearing-study/src/experiment.py", line 174, in play_audio_priming
    audio = sound.Sound(str(audio_file))
  File "/Users/ellacapellini/PROJECT/bilingual-hearing-study/venv/lib/python3.10/site-packages/psychopy/sound/sound.py", line 20, in __new__
    backend = backends[cls.backend].load()
  File "/opt/homebrew/Cellar/python@3.10/3.10.19_1/Frameworks/Python.framework/Versions/3.10/lib/python3.10/importlib/metadata/__init__.py", line 171, in load
    module = import_module(match.group('module'))
  File "/opt/homebrew/Cellar/python@3.10/3.10.19_1/Frameworks/Python.framework/Versions/3.10/lib/python3.10/importlib/__init__.py", line 126, in import_module
    return _bootstrap._gcd_import(name[level:], package, level)
  File "<frozen importlib._bootstrap>", line 1050, in _gcd_import
  File "<frozen importlib._bootstrap>", line 1027, in _find_and_load
  File "<frozen importlib._bootstrap>", line 1006, in _find_and_load_unlocked
  File "<frozen importlib._bootstrap>", line 688, in _load_unlocked
  File "<frozen importlib._bootstrap_external>", line 883, in exec_module
  File "<frozen importlib._bootstrap>", line 241, in _call_with_frames_removed
  File "/Users/ellacapellini/PROJECT/bilingual-hearing-study/venv/lib/python3.10/site-packages/psychopy/sound/backend_ptb.py", line 17, in <module>
    from psychopy.hardware.speaker import SpeakerDevice
  File "/Users/ellacapellini/PROJECT/bilingual-hearing-study/venv/lib/python3.10/site-packages/psychopy/hardware/speaker.py", line 14, in <module>
    import psychtoolbox.audio as ptb
ModuleNotFoundError: No module named 'psychtoolbox'
pygame 2.6.1 (SDL 2.28.4, Python 3.10.19)
Hello from the pygame community. https://www.pygame.org/contribute.html
14.0593 	WARNING 	Font Manager failed to load file /System/Library/PrivateFrameworks/FontServices.framework/Resources/Reserved/PingFangUI.ttc
14.1776 	WARNING 	Font Manager failed to load file /System/Library/PrivateFrameworks/FontServices.framework/Resources/Reserved/PingFangUI.ttc
14.6119 	WARNING 	Monitor specification not found. Creating a temporary one...
16.1963 	WARNING 	Couldn't measure a consistent frame rate!
  - Is your graphics card set to sync to vertical blank?
  - Are you running other processes on your computer?

17.8406 	ERROR 	Error in handleLineEditChange: inputFieldName=participant_id, type=<class 'int'>, value=, error=invalid literal for int() with base 10: ''
19.2480 	ERROR 	Error in handleLineEditChange: inputFieldName=age, type=<class 'int'>, value=, error=invalid literal for int() with base 10: ''
24.7034 	WARNING 	t of last frame was 8507.19ms (=1/0)
26.8399 	WARNING 	t of last frame was 2136.46ms (=1/0)
27.7945 	WARNING 	t of last frame was 954.60ms (=1/1)
